<?xml version="1.0" encoding="UTF-8"?>
<!-- Generated by org.testng.reporters.JUnitReportReporter -->
<testsuite skipped="0" hostname="LAPTOP-AUM1F61A" name="com.qa.tests.GetAPITest" tests="2" failures="0" timestamp="2020-03-14T10:31:06 IST" time="3.670" errors="0">
  <testcase name="getAPITestWithoutHeaders" time="3.050" classname="com.qa.tests.GetAPITest"/>
  <testcase name="getAPITestWithHeaders" time="0.620" classname="com.qa.tests.GetAPITest"/>
</testsuite> <!-- com.qa.tests.GetAPITest -->
